2023-09-27 11:51:34,797 - auto_tester.pages.base_page - INFO - Открываем раздел "Контакты"
2023-09-27 11:51:37,896 - auto_tester.pages.base_page - INFO - Выполнено
2023-09-27 11:51:37,897 - auto_tester.pages.base_page - INFO - Находим баннер и кликаем по нему
2023-09-27 11:51:38,195 - auto_tester.pages.base_page - INFO - Выполнено
2023-09-27 11:51:38,195 - auto_tester.pages.base_page - INFO - Переходим на https://tensor.ru/
2023-09-27 11:51:38,213 - auto_tester.pages.base_page - INFO - Выполнено
2023-09-27 11:51:38,213 - auto_tester.pages.base_page - INFO - Проверяем, что есть блок "Сила в людях"
2023-09-27 11:51:41,315 - auto_tester.pages.base_page - INFO - Выполнено
2023-09-27 11:51:41,316 - auto_tester.pages.base_page - INFO - Переходим в "Подробнее" и проверяем https://tensor.ru/about
2023-09-27 11:51:42,500 - auto_tester.pages.base_page - INFO - Выполнено
2023-09-27 11:51:42,500 - auto_tester.pages.base_page - INFO - Находим раздел Работаем и проверяем, что у всех фотографий одинаковые высота и ширина
2023-09-27 11:51:42,661 - auto_tester.pages.base_page - INFO - Выполнено
2023-09-27 11:51:44,905 - auto_tester.pages.base_page - INFO - Открываем раздел "Контакты"
2023-09-27 11:51:46,484 - auto_tester.pages.base_page - INFO - Выполнено
2023-09-27 11:51:46,486 - auto_tester.pages.base_page - INFO - Проверяем регион
2023-09-27 11:51:46,617 - auto_tester.pages.base_page - INFO - Выполнено
2023-09-27 11:51:46,618 - auto_tester.pages.base_page - INFO - Проверяем партнеров
2023-09-27 11:51:46,760 - auto_tester.pages.base_page - INFO - Выполнено
2023-09-27 11:51:46,761 - auto_tester.pages.base_page - INFO - Меняем регион на Камчатский край
2023-09-27 11:51:47,717 - auto_tester.pages.base_page - INFO - Выполнено
2023-09-27 11:51:47,718 - auto_tester.pages.base_page - INFO - Проверяем регион
2023-09-27 11:51:48,848 - auto_tester.pages.base_page - INFO - Выполнено
2023-09-27 11:51:48,848 - auto_tester.pages.base_page - INFO - Проверяем новых партнеров
2023-09-27 11:51:48,869 - auto_tester.pages.base_page - INFO - Выполнено
2023-09-27 11:51:48,869 - auto_tester.pages.base_page - INFO - Проверяем url и title
2023-09-27 11:51:48,883 - auto_tester.pages.base_page - INFO - Выполнено
2023-09-27 11:51:49,662 - auto_tester.pages.base_page - INFO - Переходим в "Скачать СБИС"
2023-09-27 11:51:51,079 - auto_tester.pages.base_page - INFO - Выполнено
2023-09-27 11:51:51,079 - auto_tester.pages.base_page - INFO - Переходим в "Плагин"
2023-09-27 11:51:51,546 - auto_tester.pages.base_page - INFO - Выполнено
2023-09-27 11:51:51,546 - auto_tester.pages.base_page - INFO - Скачиваем  веб-установщик
2023-09-27 11:51:53,182 - auto_tester.pages.base_page - INFO - Выполнено
2023-09-27 11:51:53,183 - auto_tester.pages.base_page - INFO - Проверяем размер файла
2023-09-27 11:51:53,183 - auto_tester.pages.base_page - INFO - Выполнено
